<?xml version="1.0" encoding="UTF-8"?>
<!-- Generated by org.testng.reporters.JUnitReportReporter -->
<testsuite hostname="d1-wenbing-zhu" name="cn.gloryorad.testScripts.TestMail126Login" tests="1" failures="0" timestamp="17 Jun 2016 01:00:44 GMT" time="40.413" errors="0">
  <testcase name="testMailLogin" time="40.413" classname="cn.gloryorad.testScripts.TestMail126Login"/>
</testsuite> <!-- cn.gloryorad.testScripts.TestMail126Login -->
