<?xml version="1.0" encoding="UTF-8"?>
<!-- Generated by org.testng.reporters.JUnitReportReporter -->
<testsuite hostname="d1-wenbing-zhu" name="cn.gloryorad.testScripts.TestMail126Send" tests="1" failures="0" timestamp="17 Jun 2016 01:00:45 GMT" time="45.022" errors="0">
  <testcase name="testAddressBook" time="45.022" classname="cn.gloryorad.testScripts.TestMail126Send"/>
</testsuite> <!-- cn.gloryorad.testScripts.TestMail126Send -->
