<?xml version="1.0" encoding="UTF-8"?>
<!-- Generated by org.testng.reporters.JUnitReportReporter -->
<testsuite hostname="d1-wenbing-zhu" name="cn.gloryorad.testScripts.TestMail126AddContactPerson" tests="1" failures="0" timestamp="13 Jun 2016 05:44:01 GMT" time="36.053" errors="0">
  <testcase name="testAddressBook" time="36.053" classname="cn.gloryorad.testScripts.TestMail126AddContactPerson"/>
</testsuite> <!-- cn.gloryorad.testScripts.TestMail126AddContactPerson -->
