<?xml version="1.0" encoding="UTF-8"?>
<!-- Generated by org.testng.reporters.JUnitReportReporter -->
<testsuite hostname="human-PC" name="cn.gloryorad.testScripts.TestRenrenLogin" tests="1" failures="0" timestamp="29 May 2016 08:36:15 GMT" time="27.304" errors="0">
  <testcase name="testMailLogin" time="27.304" classname="cn.gloryorad.testScripts.TestRenrenLogin"/>
</testsuite> <!-- cn.gloryorad.testScripts.TestRenrenLogin -->
